# JRE version: Java(TM) SE Runtime Environment (17.0.1+12) (build 17.0.1+12-LTS-39)
# Java VM: Java HotSpot(TM) 64-Bit Server VM (17.0.1+12-LTS-39, mixed mode, sharing, tiered, compressed oops, compressed class ptrs, g1 gc, windows-amd64)
GC Precious Log:
 CPUs: 8 total, 8 available
 Memory: 6091M
 Large Page Support: Disabled
 NUMA Support: Disabled
 Compressed Oops: Enabled (32-bit)
 Heap Region Size: 1M
 Heap Min Capacity: 8M
 Heap Initial Capacity: 96M
 Heap Max Capacity: 1524M
 Pre-touch: Disabled
 Parallel Workers: 8
 Concurrent Workers: 2
 Concurrent Refinement Workers: 8
 Periodic GC: Disabled
Heap:
 garbage-first heap   total 100352K, used 39987K [0x00000000a0c00000, 0x0000000100000000)
  region size 1024K, 2 young (2048K), 2 survivors (2048K)
 Metaspace       used 25686K, committed 25920K, reserved 1073152K
  class space    used 2956K, committed 3072K, reserved 1048576K
GC Heap History (20 events):
Event: 22.438 GC heap after
{Heap after GC invocations=3 (full 0):
 garbage-first heap   total 98304K, used 11025K [0x00000000a0c00000, 0x0000000100000000)
  region size 1024K, 8 young (8192K), 8 survivors (8192K)
 Metaspace       used 14919K, committed 15040K, reserved 1064960K
  class space    used 1788K, committed 1856K, reserved 1048576K
}
Event: 27.165 GC heap before
{Heap before GC invocations=3 (full 0):
 garbage-first heap   total 98304K, used 61201K [0x00000000a0c00000, 0x0000000100000000)
  region size 1024K, 57 young (58368K), 8 survivors (8192K)
 Metaspace       used 15836K, committed 16000K, reserved 1064960K
  class space    used 1849K, committed 1920K, reserved 1048576K
}
Event: 27.205 GC heap after
{Heap after GC invocations=4 (full 0):
 garbage-first heap   total 98304K, used 15373K [0x00000000a0c00000, 0x0000000100000000)
  region size 1024K, 5 young (5120K), 5 survivors (5120K)
 Metaspace       used 15836K, committed 16000K, reserved 1064960K
  class space    used 1849K, committed 1920K, reserved 1048576K
}
Event: 30.423 GC heap before
{Heap before GC invocations=4 (full 0):
 garbage-first heap   total 98304K, used 68621K [0x00000000a0c00000, 0x0000000100000000)
  region size 1024K, 57 young (58368K), 5 survivors (5120K)
 Metaspace       used 16323K, committed 16576K, reserved 1064960K
  class space    used 1863K, committed 1984K, reserved 1048576K
}
Event: 30.446 GC heap after
{Heap after GC invocations=5 (full 0):
 garbage-first heap   total 98304K, used 17752K [0x00000000a0c00000, 0x0000000100000000)
  region size 1024K, 7 young (7168K), 7 survivors (7168K)
 Metaspace       used 16323K, committed 16576K, reserved 1064960K
  class space    used 1863K, committed 1984K, reserved 1048576K
}
Event: 37.098 GC heap before
{Heap before GC invocations=5 (full 0):
 garbage-first heap   total 98304K, used 84312K [0x00000000a0c00000, 0x0000000100000000)
  region size 1024K, 41 young (41984K), 7 survivors (7168K)
 Metaspace       used 19705K, committed 19968K, reserved 1073152K
  class space    used 2258K, committed 2368K, reserved 1048576K
}
Event: 37.118 GC heap after
{Heap after GC invocations=6 (full 0):
 garbage-first heap   total 98304K, used 19346K [0x00000000a0c00000, 0x0000000100000000)
  region size 1024K, 6 young (6144K), 6 survivors (6144K)
 Metaspace       used 19705K, committed 19968K, reserved 1073152K
  class space    used 2258K, committed 2368K, reserved 1048576K
}
Event: 37.360 GC heap before
{Heap before GC invocations=6 (full 0):
 garbage-first heap   total 98304K, used 71570K [0x00000000a0c00000, 0x0000000100000000)
  region size 1024K, 57 young (58368K), 6 survivors (6144K)
 Metaspace       used 19707K, committed 19968K, reserved 1073152K
  class space    used 2258K, committed 2368K, reserved 1048576K
}
Event: 37.375 GC heap after
{Heap after GC invocations=7 (full 0):
 garbage-first heap   total 98304K, used 20595K [0x00000000a0c00000, 0x0000000100000000)
  region size 1024K, 3 young (3072K), 3 survivors (3072K)
 Metaspace       used 19707K, committed 19968K, reserved 1073152K
  class space    used 2258K, committed 2368K, reserved 1048576K
}
Event: 37.391 GC heap before
{Heap before GC invocations=7 (full 0):
 garbage-first heap   total 98304K, used 74867K [0x00000000a0c00000, 0x0000000100000000)
  region size 1024K, 57 young (58368K), 3 survivors (3072K)
 Metaspace       used 19707K, committed 19968K, reserved 1073152K
  class space    used 2258K, committed 2368K, reserved 1048576K
}
Event: 37.399 GC heap after
{Heap after GC invocations=8 (full 0):
 garbage-first heap   total 98304K, used 20706K [0x00000000a0c00000, 0x0000000100000000)
  region size 1024K, 3 young (3072K), 3 survivors (3072K)
 Metaspace       used 19707K, committed 19968K, reserved 1073152K
  class space    used 2258K, committed 2368K, reserved 1048576K
}
Event: 40.488 GC heap before
{Heap before GC invocations=8 (full 0):
 garbage-first heap   total 98304K, used 69858K [0x00000000a0c00000, 0x0000000100000000)
  region size 1024K, 47 young (48128K), 3 survivors (3072K)
 Metaspace       used 21217K, committed 21504K, reserved 1073152K
  class space    used 2468K, committed 2624K, reserved 1048576K
}
Event: 40.504 GC heap after
{Heap after GC invocations=9 (full 0):
 garbage-first heap   total 98304K, used 26584K [0x00000000a0c00000, 0x0000000100000000)
  region size 1024K, 6 young (6144K), 6 survivors (6144K)
 Metaspace       used 21217K, committed 21504K, reserved 1073152K
  class space    used 2468K, committed 2624K, reserved 1048576K
}
Event: 44.477 GC heap before
{Heap before GC invocations=10 (full 0):
 garbage-first heap   total 96256K, used 79832K [0x00000000a0c00000, 0x0000000100000000)
  region size 1024K, 55 young (56320K), 6 survivors (6144K)
 Metaspace       used 25686K, committed 25920K, reserved 1073152K
  class space    used 2956K, committed 3072K, reserved 1048576K
}
Event: 44.509 GC heap after
{Heap after GC invocations=11 (full 0):
 garbage-first heap   total 98304K, used 38341K [0x00000000a0c00000, 0x0000000100000000)
  region size 1024K, 7 young (7168K), 7 survivors (7168K)
 Metaspace       used 25686K, committed 25920K, reserved 1073152K
  class space    used 2956K, committed 3072K, reserved 1048576K
}
Event: 44.529 GC heap before
{Heap before GC invocations=11 (full 0):
 garbage-first heap   total 98304K, used 73157K [0x00000000a0c00000, 0x0000000100000000)
  region size 1024K, 42 young (43008K), 7 survivors (7168K)
 Metaspace       used 25686K, committed 25920K, reserved 1073152K
  class space    used 2956K, committed 3072K, reserved 1048576K
}
Event: 44.540 GC heap after
{Heap after GC invocations=12 (full 0):
 garbage-first heap   total 98304K, used 38446K [0x00000000a0c00000, 0x0000000100000000)
  region size 1024K, 1 young (1024K), 1 survivors (1024K)
 Metaspace       used 25686K, committed 25920K, reserved 1073152K
  class space    used 2956K, committed 3072K, reserved 1048576K
}
Event: 44.552 GC heap before
{Heap before GC invocations=12 (full 0):
 garbage-first heap   total 98304K, used 75310K [0x00000000a0c00000, 0x0000000100000000)
  region size 1024K, 38 young (38912K), 1 survivors (1024K)
 Metaspace       used 25686K, committed 25920K, reserved 1073152K
  class space    used 2956K, committed 3072K, reserved 1048576K
}
Event: 44.554 GC heap after
{Heap after GC invocations=13 (full 0):
 garbage-first heap   total 98304K, used 38472K [0x00000000a0c00000, 0x0000000100000000)
  region size 1024K, 1 young (1024K), 1 survivors (1024K)
 Metaspace       used 25686K, committed 25920K, reserved 1073152K
  class space    used 2956K, committed 3072K, reserved 1048576K
}
Event: 44.899 GC heap before
{Heap before GC invocations=13 (full 0):
 garbage-first heap   total 98304K, used 77384K [0x00000000a0c00000, 0x0000000100000000)
  region size 1024K, 40 young (40960K), 1 survivors (1024K)
 Metaspace       used 25686K, committed 25920K, reserved 1073152K
  class space    used 2956K, committed 3072K, reserved 1048576K
}

